0 info it worked if it ends with ok
1 verbose cli [ 'C:\\Program Files\\nodejs\\node.exe',
1 verbose cli   'C:\\Users\\Milka\\AppData\\Roaming\\npm\\node_modules\\npm\\bin\\npm-cli.js',
1 verbose cli   'start' ]
2 info using npm@6.3.0
3 info using node@v8.9.1
4 verbose config Skipping project config: C:\Users\Milka/.npmrc. (matches userconfig)
5 verbose stack Error: ENOENT: no such file or directory, open 'C:\Users\Milka\package.json'
6 verbose cwd C:\Users\Milka\Documents\Firebase
7 verbose Windows_NT 6.1.7601
8 verbose argv "C:\\Program Files\\nodejs\\node.exe" "C:\\Users\\Milka\\AppData\\Roaming\\npm\\node_modules\\npm\\bin\\npm-cli.js" "start"
9 verbose node v8.9.1
10 verbose npm  v6.3.0
11 error path C:\Users\Milka\package.json
12 error code ENOENT
13 error errno -4058
14 error syscall open
15 error enoent ENOENT: no such file or directory, open 'C:\Users\Milka\package.json'
16 error enoent This is related to npm not being able to find a file.
17 verbose exit [ -4058, true ]
